# JRE version: Java(TM) SE Runtime Environment (8.0_31-b13) (build 1.8.0_31-b13)
# Java VM: Java HotSpot(TM) Server VM (25.31-b07 mixed mode linux-x86 )
Heap:
 PSYoungGen      total 72192K, used 5876K [0x91ac0000, 0x96740000, 0xa7000000)
  eden space 66304K, 0% used [0x91ac0000,0x91ac0000,0x95b80000)
  from space 5888K, 99% used [0x95b80000,0x9613d140,0x96140000)
  to   space 5632K, 0% used [0x96140000,0x96140000,0x966c0000)
 ParOldGen       total 43776K, used 8805K [0x67000000, 0x69ac0000, 0x91ac0000)
  object space 43776K, 20% used [0x67000000,0x678997d8,0x69ac0000)
 Metaspace       used 9787K, capacity 9844K, committed 10008K, reserved 10544K
GC Heap History (10 events):
Event: 6.355 GC heap after
Heap after GC invocations=2 (full 0):
 PSYoungGen      total 19200K, used 2488K [0x91ac0000, 0x93000000, 0xa7000000)
  eden space 16640K, 0% used [0x91ac0000,0x91ac0000,0x92b00000)
  from space 2560K, 97% used [0x92d80000,0x92fee020,0x93000000)
  to   space 2560K, 0% used [0x92b00000,0x92b00000,0x92d80000)
 ParOldGen       total 43776K, used 95K [0x67000000, 0x69ac0000, 0x91ac0000)
  object space 43776K, 0% used [0x67000000,0x67017e28,0x69ac0000)
 Metaspace       used 4900K, capacity 4943K, committed 5016K, reserved 5424K
}
Event: 8.923 GC heap before
{Heap before GC invocations=3 (full 0):
 PSYoungGen      total 19200K, used 19128K [0x91ac0000, 0x93000000, 0xa7000000)
  eden space 16640K, 100% used [0x91ac0000,0x92b00000,0x92b00000)
  from space 2560K, 97% used [0x92d80000,0x92fee020,0x93000000)
  to   space 2560K, 0% used [0x92b00000,0x92b00000,0x92d80000)
 ParOldGen       total 43776K, used 95K [0x67000000, 0x69ac0000, 0x91ac0000)
  object space 43776K, 0% used [0x67000000,0x67017e28,0x69ac0000)
 Metaspace       used 6096K, capacity 6164K, committed 6296K, reserved 6448K
Event: 8.989 GC heap after
Heap after GC invocations=3 (full 0):
 PSYoungGen      total 19200K, used 2558K [0x91ac0000, 0x94040000, 0xa7000000)
  eden space 16640K, 0% used [0x91ac0000,0x91ac0000,0x92b00000)
  from space 2560K, 99% used [0x92b00000,0x92d7f9c0,0x92d80000)
  to   space 2560K, 0% used [0x93dc0000,0x93dc0000,0x94040000)
 ParOldGen       total 43776K, used 1101K [0x67000000, 0x69ac0000, 0x91ac0000)
  object space 43776K, 2% used [0x67000000,0x67113608,0x69ac0000)
 Metaspace       used 6096K, capacity 6164K, committed 6296K, reserved 6448K
}
Event: 12.343 GC heap before
{Heap before GC invocations=4 (full 0):
 PSYoungGen      total 19200K, used 19198K [0x91ac0000, 0x94040000, 0xa7000000)
  eden space 16640K, 100% used [0x91ac0000,0x92b00000,0x92b00000)
  from space 2560K, 99% used [0x92b00000,0x92d7f9c0,0x92d80000)
  to   space 2560K, 0% used [0x93dc0000,0x93dc0000,0x94040000)
 ParOldGen       total 43776K, used 1101K [0x67000000, 0x69ac0000, 0x91ac0000)
  object space 43776K, 2% used [0x67000000,0x67113608,0x69ac0000)
 Metaspace       used 7635K, capacity 7700K, committed 7832K, reserved 8496K
Event: 12.387 GC heap after
Heap after GC invocations=4 (full 0):
 PSYoungGen      total 35840K, used 2546K [0x91ac0000, 0x94040000, 0xa7000000)
  eden space 33280K, 0% used [0x91ac0000,0x91ac0000,0x93b40000)
  from space 2560K, 99% used [0x93dc0000,0x9403c860,0x94040000)
  to   space 2560K, 0% used [0x93b40000,0x93b40000,0x93dc0000)
 ParOldGen       total 43776K, used 3415K [0x67000000, 0x69ac0000, 0x91ac0000)
  object space 43776K, 7% used [0x67000000,0x67355f18,0x69ac0000)
 Metaspace       used 7635K, capacity 7700K, committed 7832K, reserved 8496K
}
Event: 15.814 GC heap before
{Heap before GC invocations=5 (full 0):
 PSYoungGen      total 35840K, used 35826K [0x91ac0000, 0x94040000, 0xa7000000)
  eden space 33280K, 100% used [0x91ac0000,0x93b40000,0x93b40000)
  from space 2560K, 99% used [0x93dc0000,0x9403c860,0x94040000)
  to   space 2560K, 0% used [0x93b40000,0x93b40000,0x93dc0000)
 ParOldGen       total 43776K, used 3415K [0x67000000, 0x69ac0000, 0x91ac0000)
  object space 43776K, 7% used [0x67000000,0x67355f18,0x69ac0000)
 Metaspace       used 8250K, capacity 8296K, committed 8344K, reserved 8496K
Event: 15.867 GC heap after
Heap after GC invocations=5 (full 0):
 PSYoungGen      total 35840K, used 2554K [0x91ac0000, 0x966c0000, 0xa7000000)
  eden space 33280K, 0% used [0x91ac0000,0x91ac0000,0x93b40000)
  from space 2560K, 99% used [0x93b40000,0x93dbe870,0x93dc0000)
  to   space 5632K, 0% used [0x96140000,0x96140000,0x966c0000)
 ParOldGen       total 43776K, used 5570K [0x67000000, 0x69ac0000, 0x91ac0000)
  object space 43776K, 12% used [0x67000000,0x67570a30,0x69ac0000)
 Metaspace       used 8250K, capacity 8296K, committed 8344K, reserved 8496K
}
Event: 18.483 GC heap before
{Heap before GC invocations=6 (full 0):
 PSYoungGen      total 35840K, used 35834K [0x91ac0000, 0x966c0000, 0xa7000000)
  eden space 33280K, 100% used [0x91ac0000,0x93b40000,0x93b40000)
  from space 2560K, 99% used [0x93b40000,0x93dbe870,0x93dc0000)
  to   space 5632K, 0% used [0x96140000,0x96140000,0x966c0000)
 ParOldGen       total 43776K, used 5570K [0x67000000, 0x69ac0000, 0x91ac0000)
  object space 43776K, 12% used [0x67000000,0x67570a30,0x69ac0000)
 Metaspace       used 8536K, capacity 8620K, committed 8728K, reserved 9520K
Event: 18.522 GC heap after
Heap after GC invocations=6 (full 0):
 PSYoungGen      total 71936K, used 4550K [0x91ac0000, 0x96740000, 0xa7000000)
  eden space 66304K, 0% used [0x91ac0000,0x91ac0000,0x95b80000)
  from space 5632K, 80% used [0x96140000,0x965b1860,0x966c0000)
  to   space 5888K, 0% used [0x95b80000,0x95b80000,0x96140000)
 ParOldGen       total 43776K, used 5574K [0x67000000, 0x69ac0000, 0x91ac0000)
  object space 43776K, 12% used [0x67000000,0x67571a30,0x69ac0000)
 Metaspace       used 8536K, capacity 8620K, committed 8728K, reserved 9520K
}
Event: 24.840 GC heap before
{Heap before GC invocations=7 (full 0):
 PSYoungGen      total 71936K, used 70854K [0x91ac0000, 0x96740000, 0xa7000000)
  eden space 66304K, 100% used [0x91ac0000,0x95b80000,0x95b80000)
  from space 5632K, 80% used [0x96140000,0x965b1860,0x966c0000)
  to   space 5888K, 0% used [0x95b80000,0x95b80000,0x96140000)
 ParOldGen       total 43776K, used 5574K [0x67000000, 0x69ac0000, 0x91ac0000)
  object space 43776K, 12% used [0x67000000,0x67571a30,0x69ac0000)
 Metaspace       used 9787K, capacity 9844K, committed 10008K, reserved 10544K

